This is pdfTeX, Version 3.141592653-2.6-1.40.27 (TeX Live 2025/nixos.org) (preloaded format=pdflatex 1980.1.1)  1 FEB 2026 15:44
entering extended mode
 restricted \write18 enabled.
 %&-line parsing enabled.
**hamiltonian_mechanics.tex
(./hamiltonian_mechanics.tex
LaTeX2e <2025-06-01> patch level 1
L3 programming layer <2025-06-09>

(/nix/store/4hbs61m8pjzrpjil2jj6zcdzwrmrl5hb-texlive-2025-env-texmfdist/tex/lat
ex/base/article.cls
Document Class: article 2025/01/22 v1.4n Standard LaTeX document class

(/nix/store/4hbs61m8pjzrpjil2jj6zcdzwrmrl5hb-texlive-2025-env-texmfdist/tex/lat
ex/base/size10.clo
File: size10.clo 2025/01/22 v1.4n Standard LaTeX file (size option)
)
\c@part=\count275
\c@section=\count276
\c@subsection=\count277
\c@subsubsection=\count278
\c@paragraph=\count279
\c@subparagraph=\count280
\c@figure=\count281
\c@table=\count282
\abovecaptionskip=\skip49
\belowcaptionskip=\skip50
\bibindent=\dimen148
)
(/nix/store/4hbs61m8pjzrpjil2jj6zcdzwrmrl5hb-texlive-2025-env-texmfdist/tex/lat
ex/amsmath/amsmath.sty
Package: amsmath 2025/06/16 v2.17y AMS math features
\@mathmargin=\skip51

For additional information on amsmath, use the `?' option.

(/nix/store/4hbs61m8pjzrpjil2jj6zcdzwrmrl5hb-texlive-2025-env-texmfdist/tex/lat
ex/amsmath/amstext.sty
Package: amstext 2024/11/17 v2.01 AMS text

(/nix/store/4hbs61m8pjzrpjil2jj6zcdzwrmrl5hb-texlive-2025-env-texmfdist/tex/lat
ex/amsmath/amsgen.sty
File: amsgen.sty 1999/11/30 v2.0 generic functions
\@emptytoks=\toks17
\ex@=\dimen149
))
(/nix/store/4hbs61m8pjzrpjil2jj6zcdzwrmrl5hb-texlive-2025-env-texmfdist/tex/lat
ex/amsmath/amsbsy.sty
Package: amsbsy 1999/11/29 v1.2d Bold Symbols
\pmbraise@=\dimen150
)
(/nix/store/4hbs61m8pjzrpjil2jj6zcdzwrmrl5hb-texlive-2025-env-texmfdist/tex/lat
ex/amsmath/amsopn.sty
Package: amsopn 2022/04/08 v2.04 operator names
)
\inf@bad=\count283
LaTeX Info: Redefining \frac on input line 233.
\uproot@=\count284
\leftroot@=\count285
LaTeX Info: Redefining \overline on input line 398.
LaTeX Info: Redefining \colon on input line 409.
\classnum@=\count286
\DOTSCASE@=\count287
LaTeX Info: Redefining \ldots on input line 495.
LaTeX Info: Redefining \dots on input line 498.
LaTeX Info: Redefining \cdots on input line 619.
\Mathstrutbox@=\box53
\strutbox@=\box54
LaTeX Info: Redefining \big on input line 721.
LaTeX Info: Redefining \Big on input line 722.
LaTeX Info: Redefining \bigg on input line 723.
LaTeX Info: Redefining \Bigg on input line 724.
\big@size=\dimen151
LaTeX Font Info:    Redeclaring font encoding OML on input line 742.
LaTeX Font Info:    Redeclaring font encoding OMS on input line 743.
\macc@depth=\count288
LaTeX Info: Redefining \bmod on input line 904.
LaTeX Info: Redefining \pmod on input line 909.
LaTeX Info: Redefining \smash on input line 939.
LaTeX Info: Redefining \relbar on input line 969.
LaTeX Info: Redefining \Relbar on input line 970.
\c@MaxMatrixCols=\count289
\dotsspace@=\muskip17
\c@parentequation=\count290
\dspbrk@lvl=\count291
\tag@help=\toks18
\row@=\count292
\column@=\count293
\maxfields@=\count294
\andhelp@=\toks19
\eqnshift@=\dimen152
\alignsep@=\dimen153
\tagshift@=\dimen154
\tagwidth@=\dimen155
\totwidth@=\dimen156
\lineht@=\dimen157
\@envbody=\toks20
\multlinegap=\skip52
\multlinetaggap=\skip53
\mathdisplay@stack=\toks21
LaTeX Info: Redefining \[ on input line 2949.
LaTeX Info: Redefining \] on input line 2950.
)
(/nix/store/4hbs61m8pjzrpjil2jj6zcdzwrmrl5hb-texlive-2025-env-texmfdist/tex/lat
ex/amsfonts/amssymb.sty
Package: amssymb 2013/01/14 v3.01 AMS font symbols

(/nix/store/4hbs61m8pjzrpjil2jj6zcdzwrmrl5hb-texlive-2025-env-texmfdist/tex/lat
ex/amsfonts/amsfonts.sty
Package: amsfonts 2013/01/14 v3.01 Basic AMSFonts support
\symAMSa=\mathgroup4
\symAMSb=\mathgroup5
LaTeX Font Info:    Redeclaring math symbol \hbar on input line 98.
LaTeX Font Info:    Overwriting math alphabet `\mathfrak' in version `bold'
(Font)                  U/euf/m/n --> U/euf/b/n on input line 106.
))
(/nix/store/4hbs61m8pjzrpjil2jj6zcdzwrmrl5hb-texlive-2025-env-texmfdist/tex/lat
ex/physics/physics.sty
Package: physics 

(/nix/store/4hbs61m8pjzrpjil2jj6zcdzwrmrl5hb-texlive-2025-env-texmfdist/tex/lat
ex/l3packages/xparse/xparse.sty
(/nix/store/4hbs61m8pjzrpjil2jj6zcdzwrmrl5hb-texlive-2025-env-texmfdist/tex/lat
ex/l3kernel/expl3.sty
Package: expl3 2025-06-09 L3 programming layer (loader) 

(/nix/store/4hbs61m8pjzrpjil2jj6zcdzwrmrl5hb-texlive-2025-env-texmfdist/tex/lat
ex/l3backend/l3backend-pdftex.def
File: l3backend-pdftex.def 2025-06-09 L3 backend support: PDF output (pdfTeX)
\l__color_backend_stack_int=\count295
))
Package: xparse 2024-08-16 L3 Experimental document command parser
))
(/nix/store/4hbs61m8pjzrpjil2jj6zcdzwrmrl5hb-texlive-2025-env-texmfdist/tex/lat
ex/mathtools/mathtools.sty
Package: mathtools 2024/10/04 v1.31 mathematical typesetting tools

(/nix/store/4hbs61m8pjzrpjil2jj6zcdzwrmrl5hb-texlive-2025-env-texmfdist/tex/lat
ex/graphics/keyval.sty
Package: keyval 2022/05/29 v1.15 key=value parser (DPC)
\KV@toks@=\toks22
)
(/nix/store/4hbs61m8pjzrpjil2jj6zcdzwrmrl5hb-texlive-2025-env-texmfdist/tex/lat
ex/tools/calc.sty
Package: calc 2025/03/01 v4.3b Infix arithmetic (KKT,FJ)
\calc@Acount=\count296
\calc@Bcount=\count297
\calc@Adimen=\dimen158
\calc@Bdimen=\dimen159
\calc@Askip=\skip54
\calc@Bskip=\skip55
LaTeX Info: Redefining \setlength on input line 86.
LaTeX Info: Redefining \addtolength on input line 87.
\calc@Ccount=\count298
\calc@Cskip=\skip56
)
(/nix/store/4hbs61m8pjzrpjil2jj6zcdzwrmrl5hb-texlive-2025-env-texmfdist/tex/lat
ex/mathtools/mhsetup.sty
Package: mhsetup 2021/03/18 v1.4 programming setup (MH)
)
\g_MT_multlinerow_int=\count299
\l_MT_multwidth_dim=\dimen160
\origjot=\skip57
\l_MT_shortvdotswithinadjustabove_dim=\dimen161
\l_MT_shortvdotswithinadjustbelow_dim=\dimen162
\l_MT_above_intertext_sep=\dimen163
\l_MT_below_intertext_sep=\dimen164
\l_MT_above_shortintertext_sep=\dimen165
\l_MT_below_shortintertext_sep=\dimen166
\xmathstrut@box=\box55
\xmathstrut@dim=\dimen167
) (./hamiltonian_mechanics.aux)
\openout1 = `hamiltonian_mechanics.aux'.

LaTeX Font Info:    Checking defaults for OML/cmm/m/it on input line 6.
LaTeX Font Info:    ... okay on input line 6.
LaTeX Font Info:    Checking defaults for OMS/cmsy/m/n on input line 6.
LaTeX Font Info:    ... okay on input line 6.
LaTeX Font Info:    Checking defaults for OT1/cmr/m/n on input line 6.
LaTeX Font Info:    ... okay on input line 6.
LaTeX Font Info:    Checking defaults for T1/cmr/m/n on input line 6.
LaTeX Font Info:    ... okay on input line 6.
LaTeX Font Info:    Checking defaults for TS1/cmr/m/n on input line 6.
LaTeX Font Info:    ... okay on input line 6.
LaTeX Font Info:    Checking defaults for OMX/cmex/m/n on input line 6.
LaTeX Font Info:    ... okay on input line 6.
LaTeX Font Info:    Checking defaults for U/cmr/m/n on input line 6.
LaTeX Font Info:    ... okay on input line 6.

(/nix/store/4hbs61m8pjzrpjil2jj6zcdzwrmrl5hb-texlive-2025-env-texmfdist/tex/lat
ex/graphics/graphicx.sty
Package: graphicx 2024/12/31 v1.2e Enhanced LaTeX Graphics (DPC,SPQR)

(/nix/store/4hbs61m8pjzrpjil2jj6zcdzwrmrl5hb-texlive-2025-env-texmfdist/tex/lat
ex/graphics/graphics.sty
Package: graphics 2024/08/06 v1.4g Standard LaTeX Graphics (DPC,SPQR)

(/nix/store/4hbs61m8pjzrpjil2jj6zcdzwrmrl5hb-texlive-2025-env-texmfdist/tex/lat
ex/graphics/trig.sty
Package: trig 2023/12/02 v1.11 sin cos tan (DPC)
)
(/nix/store/4hbs61m8pjzrpjil2jj6zcdzwrmrl5hb-texlive-2025-env-texmfdist/tex/lat
ex/graphics-cfg/graphics.cfg
File: graphics.cfg 2016/06/04 v1.11 sample graphics configuration
)
Package graphics Info: Driver file: pdftex.def on input line 106.

(/nix/store/4hbs61m8pjzrpjil2jj6zcdzwrmrl5hb-texlive-2025-env-texmfdist/tex/lat
ex/graphics-def/pdftex.def
File: pdftex.def 2024/04/13 v1.2c Graphics/color driver for pdftex

(/nix/store/4hbs61m8pjzrpjil2jj6zcdzwrmrl5hb-texlive-2025-env-texmfdist/tex/con
text/base/mkii/supp-pdf.mkii
[Loading MPS to PDF converter (version 2006.09.02).]
\scratchcounter=\count300
\scratchdimen=\dimen168
\scratchbox=\box56
\nofMPsegments=\count301
\nofMParguments=\count302
\everyMPshowfont=\toks23
\MPscratchCnt=\count303
\MPscratchDim=\dimen169
\MPnumerator=\count304
\makeMPintoPDFobject=\count305
\everyMPtoPDFconversion=\toks24
)))
(/nix/store/4hbs61m8pjzrpjil2jj6zcdzwrmrl5hb-texlive-2025-env-texmfdist/tex/lat
ex/epstopdf-pkg/epstopdf-base.sty
Package: epstopdf-base 2020-01-24 v2.11 Base part for package epstopdf
Package epstopdf-base Info: Redefining graphics rule for `.eps' on input line 4
85.

(/nix/store/4hbs61m8pjzrpjil2jj6zcdzwrmrl5hb-texlive-2025-env-texmfdist/tex/lat
ex/latexconfig/epstopdf-sys.cfg
File: epstopdf-sys.cfg 2010/07/13 v1.3 Configuration of (r)epstopdf for TeX Liv
e
))
\Gin@req@height=\dimen170
\Gin@req@width=\dimen171
)
LaTeX Font Info:    Trying to load font information for U+msa on input line 8.

(/nix/store/4hbs61m8pjzrpjil2jj6zcdzwrmrl5hb-texlive-2025-env-texmfdist/tex/lat
ex/amsfonts/umsa.fd
File: umsa.fd 2013/01/14 v3.01 AMS symbols A
)
LaTeX Font Info:    Trying to load font information for U+msb on input line 8.

(/nix/store/4hbs61m8pjzrpjil2jj6zcdzwrmrl5hb-texlive-2025-env-texmfdist/tex/lat
ex/amsfonts/umsb.fd
File: umsb.fd 2013/01/14 v3.01 AMS symbols B
)

[1

{/nix/store/zmych9aqplf27m3l001kp8v68c6y14jh-texlive-2025-env/share/texmf-var/f
onts/map/pdftex/updmap/pdftex.map}] (./hamiltonian_mechanics.aux)
 ***********
LaTeX2e <2025-06-01> patch level 1
L3 programming layer <2025-06-09>
 ***********
 ) 
Here is how much of TeX's memory you used:
 3754 strings out of 467890
 57874 string characters out of 5410143
 457353 words of memory out of 5000000
 32282 multiletter control sequences out of 15000+600000
 634395 words of font info for 70 fonts, out of 8000000 for 9000
 1141 hyphenation exceptions out of 8191
 73i,6n,77p,356b,222s stack positions out of 10000i,1000n,20000p,200000b,200000s
</nix/store/4hbs61m8pjzrpjil2jj6zcdzwrmrl5hb-texlive-2025-env-texmfdist/fonts
/type1/public/amsfonts/cm/cmbx10.pfb></nix/store/4hbs61m8pjzrpjil2jj6zcdzwrmrl5
hb-texlive-2025-env-texmfdist/fonts/type1/public/amsfonts/cm/cmmi10.pfb></nix/s
tore/4hbs61m8pjzrpjil2jj6zcdzwrmrl5hb-texlive-2025-env-texmfdist/fonts/type1/pu
blic/amsfonts/cm/cmmi5.pfb></nix/store/4hbs61m8pjzrpjil2jj6zcdzwrmrl5hb-texlive
-2025-env-texmfdist/fonts/type1/public/amsfonts/cm/cmmi7.pfb></nix/store/4hbs61
m8pjzrpjil2jj6zcdzwrmrl5hb-texlive-2025-env-texmfdist/fonts/type1/public/amsfon
ts/cm/cmr10.pfb></nix/store/4hbs61m8pjzrpjil2jj6zcdzwrmrl5hb-texlive-2025-env-t
exmfdist/fonts/type1/public/amsfonts/cm/cmr12.pfb></nix/store/4hbs61m8pjzrpjil2
jj6zcdzwrmrl5hb-texlive-2025-env-texmfdist/fonts/type1/public/amsfonts/cm/cmr17
.pfb></nix/store/4hbs61m8pjzrpjil2jj6zcdzwrmrl5hb-texlive-2025-env-texmfdist/fo
nts/type1/public/amsfonts/cm/cmr7.pfb></nix/store/4hbs61m8pjzrpjil2jj6zcdzwrmrl
5hb-texlive-2025-env-texmfdist/fonts/type1/public/amsfonts/cm/cmsy10.pfb></nix/
store/4hbs61m8pjzrpjil2jj6zcdzwrmrl5hb-texlive-2025-env-texmfdist/fonts/type1/p
ublic/amsfonts/cm/cmsy7.pfb></nix/store/4hbs61m8pjzrpjil2jj6zcdzwrmrl5hb-texliv
e-2025-env-texmfdist/fonts/type1/public/amsfonts/symbols/msbm10.pfb>
Output written on hamiltonian_mechanics.pdf (1 page, 110752 bytes).
PDF statistics:
 63 PDF objects out of 1000 (max. 8388607)
 37 compressed objects within 1 object stream
 0 named destinations out of 1000 (max. 500000)
 1 words of extra memory for PDF output out of 10000 (max. 10000000)

